<?xml version="1.0" encoding="UTF-8"?>
<testsuite name="org.setu.onlineshop.console.main.MainKtTest" tests="6" skipped="0" failures="0" errors="0" timestamp="2022-10-16T10:05:06" hostname="DESKTOP-FL2U9U0" time="0.12">
  <properties/>
  <testcase name="remove()" classname="org.setu.onlineshop.console.main.MainKtTest" time="0.052"/>
  <testcase name="search()" classname="org.setu.onlineshop.console.main.MainKtTest" time="0.043"/>
  <testcase name="update()" classname="org.setu.onlineshop.console.main.MainKtTest" time="0.002"/>
  <testcase name="add()" classname="org.setu.onlineshop.console.main.MainKtTest" time="0.002"/>
  <testcase name="list()" classname="org.setu.onlineshop.console.main.MainKtTest" time="0.003"/>
  <testcase name="filter_by_max_price()" classname="org.setu.onlineshop.console.main.MainKtTest" time="0.004"/>
  <system-out><![CDATA[]]></system-out>
  <system-err><![CDATA[]]></system-err>
</testsuite>
