<?xml version="1.0" encoding="UTF-8"?>
<testsuite name="org.setu.onlineshop.console.main.MainKtTest" tests="6" skipped="0" failures="0" errors="0" timestamp="2022-10-16T13:00:52" hostname="DESKTOP-FL2U9U0" time="0.203">
  <properties/>
  <testcase name="remove()" classname="org.setu.onlineshop.console.main.MainKtTest" time="0.067"/>
  <testcase name="search()" classname="org.setu.onlineshop.console.main.MainKtTest" time="0.071"/>
  <testcase name="update()" classname="org.setu.onlineshop.console.main.MainKtTest" time="0.005"/>
  <testcase name="add()" classname="org.setu.onlineshop.console.main.MainKtTest" time="0.007"/>
  <testcase name="list()" classname="org.setu.onlineshop.console.main.MainKtTest" time="0.018"/>
  <testcase name="filter_by_max_price()" classname="org.setu.onlineshop.console.main.MainKtTest" time="0.007"/>
  <system-out><![CDATA[]]></system-out>
  <system-err><![CDATA[]]></system-err>
</testsuite>
